TN:
SF:src/dpsnPlugin.ts
FN:35,(anonymous_8)
FN:64,(anonymous_9)
FN:81,(anonymous_11)
FN:92,(anonymous_13)
FN:101,(anonymous_14)
FN:110,(anonymous_16)
FN:131,(anonymous_17)
FN:143,(anonymous_18)
FN:143,(anonymous_19)
FN:156,(anonymous_20)
FN:160,(anonymous_21)
FN:178,(anonymous_22)
FN:181,(anonymous_23)
FN:201,(anonymous_24)
FN:212,(anonymous_25)
FN:212,(anonymous_26)
FN:225,(anonymous_27)
FN:230,(anonymous_28)
FN:239,(anonymous_29)
FN:259,(anonymous_30)
FNF:20
FNH:19
FNDA:26,(anonymous_8)
FNDA:18,(anonymous_9)
FNDA:8,(anonymous_11)
FNDA:0,(anonymous_13)
FNDA:14,(anonymous_14)
FNDA:6,(anonymous_16)
FNDA:9,(anonymous_17)
FNDA:3,(anonymous_18)
FNDA:3,(anonymous_19)
FNDA:2,(anonymous_20)
FNDA:1,(anonymous_21)
FNDA:1,(anonymous_22)
FNDA:1,(anonymous_23)
FNDA:5,(anonymous_24)
FNDA:3,(anonymous_25)
FNDA:3,(anonymous_26)
FNDA:2,(anonymous_27)
FNDA:1,(anonymous_28)
FNDA:1,(anonymous_29)
FNDA:3,(anonymous_30)
DA:1,2
DA:7,2
DA:12,2
DA:33,26
DA:36,26
DA:38,26
DA:39,26
DA:40,26
DA:45,26
DA:53,26
DA:54,0
DA:65,18
DA:66,17
DA:67,17
DA:68,16
DA:70,1
DA:71,1
DA:84,8
DA:85,8
DA:95,0
DA:102,14
DA:103,4
DA:115,6
DA:132,9
DA:143,3
DA:144,3
DA:145,3
DA:147,3
DA:148,1
DA:154,2
DA:156,2
DA:157,2
DA:159,2
DA:162,1
DA:168,1
DA:171,1
DA:179,1
DA:182,1
DA:191,0
DA:192,0
DA:202,5
DA:212,3
DA:213,3
DA:214,3
DA:216,3
DA:217,1
DA:223,2
DA:225,2
DA:226,2
DA:228,2
DA:231,1
DA:232,1
DA:240,1
DA:249,0
DA:250,0
DA:260,3
DA:261,2
DA:262,2
DA:267,2
LF:59
LH:53
BRDA:38,0,0,26
BRDA:38,0,1,25
BRDA:39,1,0,26
BRDA:39,1,1,25
BRDA:41,2,0,26
BRDA:41,2,1,25
BRDA:53,3,0,0
BRDA:65,4,0,17
BRDA:102,5,0,4
BRDA:119,6,0,6
BRDA:119,6,1,1
BRDA:119,7,0,1
BRDA:119,7,1,5
BRDA:119,8,0,6
BRDA:119,8,1,6
BRDA:123,9,0,1
BRDA:123,9,1,5
BRDA:123,10,0,6
BRDA:123,10,1,6
BRDA:147,11,0,1
BRDA:216,12,0,1
BRDA:260,13,0,2
BRDA:260,14,0,3
BRDA:260,14,1,2
BRF:24
BRH:23
end_of_record
